abricot
agrume
amande
amann
anana
anise
banane
bourdaloue
brioche
briochee
briochette
brownie
buche
bugne
cafe
cake
canneberge
caramel
caramelise
caramelisee
cassonade
cerise
chantilly
charlotte
chataigne
chiffon
choco
chocolat
chocolate
chouquette
citron
citronne
citronnelle
clafouti
clementine
coco
compote
confiture
cookie
crepe
croissant
crumble
crumpet
cupcake
curd
dessert
donut
eclair
far
figolu
figue
financier
flan
fraise
fraisier
framboise
fruit
gateau
gaufre
genoise
gingembre
glace
groseille
hawaienne
kiwi
kouign
lait
lemon
lo
lollipop
madeleine
madeliene
marbre
marmelade
marron
menthe
meringue
meringuee
miel
minicrepe
mirabelle
mladeleine
muffin
myrtille
nata
noi
noisette
noix
orange
palmier
pancake
panettone
passion
pastei
patissier
pecan
peche
pistache
poire
pomme
prune
pruneau
pruneaux
raisin
sable
salidou
sorbet
sucre
sucree
tian
vanille
vanillee
yaourt